<?xml version="1.0" encoding="UTF-8"?>
<testsuite name="ChromeTestClass" tests="1" skipped="0" failures="0" errors="0" timestamp="2021-04-04T12:15:56" hostname="DESKTOP-8GSHU14" time="3.218">
  <properties/>
  <testcase name="frstTest()" classname="ChromeTestClass" time="3.218"/>
  <system-out><![CDATA[]]></system-out>
  <system-err><![CDATA[Starting ChromeDriver 89.0.4389.23 (61b08ee2c50024bab004e48d2b1b083cdbdac579-refs/branch-heads/4389@{#294}) on port 39586
Only local connections are allowed.
Please see https://chromedriver.chromium.org/security-considerations for suggestions on keeping ChromeDriver safe.
ChromeDriver was started successfully.
апр. 04, 2021 3:15:56 PM org.openqa.selenium.remote.ProtocolHandshake createSession
INFO: Detected dialect: W3C
]]></system-err>
</testsuite>
