<?xml version="1.0" encoding="UTF-8"?>
<testsuite name="ChromeTestClass" tests="6" skipped="0" failures="0" errors="0" timestamp="2021-04-07T14:54:21" hostname="DESKTOP-8GSHU14" time="36.23">
  <properties/>
  <testcase name="changeLocationYandexTest()" classname="ChromeTestClass" time="6.761"/>
  <testcase name="firstGoogleLinkTest()" classname="ChromeTestClass" time="3.749"/>
  <testcase name="checkYandexServicesTest()" classname="ChromeTestClass" time="13.517"/>
  <testcase name="changeLanguageYandexTest()" classname="ChromeTestClass" time="3.331"/>
  <testcase name="successfullLoginYandexTest()" classname="ChromeTestClass" time="7.485"/>
  <testcase name="successfullLogoutYandexTest()" classname="ChromeTestClass" time="1.387"/>
  <system-out><![CDATA[]]></system-out>
  <system-err><![CDATA[Starting ChromeDriver 89.0.4389.23 (61b08ee2c50024bab004e48d2b1b083cdbdac579-refs/branch-heads/4389@{#294}) on port 7630
Only local connections are allowed.
Please see https://chromedriver.chromium.org/security-considerations for suggestions on keeping ChromeDriver safe.
ChromeDriver was started successfully.
апр. 07, 2021 5:54:21 PM org.openqa.selenium.remote.ProtocolHandshake createSession
INFO: Detected dialect: W3C
]]></system-err>
</testsuite>
