<?xml version="1.0" encoding="UTF-8"?>
<testsuite name="FirefoxTestClass" tests="1" skipped="0" failures="0" errors="0" timestamp="2021-04-04T12:16:04" hostname="DESKTOP-8GSHU14" time="3.167">
  <properties/>
  <testcase name="frstTest()" classname="FirefoxTestClass" time="3.167"/>
  <system-out><![CDATA[]]></system-out>
  <system-err><![CDATA[1617538560309	geckodriver	INFO	Listening on 127.0.0.1:36795
1617538560821	mozrunner::runner	INFO	Running command: "C:\\Program Files\\Mozilla Firefox\\firefox.exe" "--marionette" "-foreground" "-no-remote" "-profile" "C:\\Users\\anduser\\AppData\\Local\\Temp\\rust_mozprofileCtUODV"
JavaScript error: resource://gre/modules/XULStore.jsm, line 66: Error: Can't find profile directory.
console.error: SearchCache: "_readCacheFile: Error reading cache file:" (new Error("", "(unknown module)"))
1617538563529	Marionette	INFO	Listening on port 56504
1617538563951	Marionette	WARN	TLS certificate errors will be ignored for this session
апр. 04, 2021 3:16:03 PM org.openqa.selenium.remote.ProtocolHandshake createSession
INFO: Detected dialect: W3C
JavaScript error: resource://gre/modules/URIFixup.jsm, line 271: NS_ERROR_FAILURE: Should pass a non-null uri
1617538567437	Marionette	INFO	Stopped listening on port 56504
[Parent 9700, Gecko_IOThread] WARNING: file /builds/worker/checkouts/gecko/ipc/chromium/src/base/process_util_win.cc, line 166

###!!! [Child][RunMessage] Error: Channel closing: too late to send/recv, messages will be lost


###!!! [Child][MessageChannel::SendAndWait] Error: Channel error: cannot send/recv

]]></system-err>
</testsuite>
