<?xml version="1.0" encoding="UTF-8"?>
<testsuite name="FirefoxTestClass" tests="3" skipped="0" failures="0" errors="0" timestamp="2021-04-07T14:55:01" hostname="DESKTOP-8GSHU14" time="24.248">
  <properties/>
  <testcase name="invalidPasswordLoginYandexTest()" classname="FirefoxTestClass" time="7.943"/>
  <testcase name="secondGoogleLinkTest()" classname="FirefoxTestClass" time="4.049"/>
  <testcase name="invalidUsernameLoginYandexTest()" classname="FirefoxTestClass" time="12.256"/>
  <system-out><![CDATA[]]></system-out>
  <system-err><![CDATA[1617807297791	geckodriver	INFO	Listening on 127.0.0.1:47179
1617807298330	mozrunner::runner	INFO	Running command: "C:\\Program Files\\Mozilla Firefox\\firefox.exe" "--marionette" "-foreground" "-no-remote" "-profile" "C:\\Users\\anduser\\AppData\\Local\\Temp\\rust_mozprofilemxv1kM"
JavaScript error: resource://gre/modules/XULStore.jsm, line 66: Error: Can't find profile directory.
console.error: SearchCache: "_readCacheFile: Error reading cache file:" (new Error("", "(unknown module)"))
1617807300860	Marionette	INFO	Listening on port 57848
1617807300962	Marionette	WARN	TLS certificate errors will be ignored for this session
апр. 07, 2021 5:55:01 PM org.openqa.selenium.remote.ProtocolHandshake createSession
INFO: Detected dialect: W3C
JavaScript error: resource://gre/modules/URIFixup.jsm, line 271: NS_ERROR_FAILURE: Should pass a non-null uri
JavaScript error: resource://gre/actors/AutoCompleteChild.jsm, line 208: Error: Invalid autocomplete selectedIndex
JavaScript error: resource://gre/actors/AutoCompleteChild.jsm, line 208: Error: Invalid autocomplete selectedIndex
JavaScript error: resource://gre/modules/LoginManagerChild.jsm, line 190: NS_ERROR_XPC_JAVASCRIPT_ERROR_WITH_DETAILS: [JavaScript Error: "Invalid autocomplete selectedIndex" {file: "resource://gre/actors/AutoCompleteChild.jsm" line: 208}]'[JavaScript Error: "Invalid autocomplete selectedIndex" {file: "resource://gre/actors/AutoCompleteChild.jsm" line: 208}]' when calling method: [nsIAutoCompletePopup::selectedIndex]
1617807325537	Marionette	INFO	Stopped listening on port 57848

###!!! [Child][RunMessage] Error: Channel closing: too late to send/recv, messages will be lost


###!!! [Child][MessageChannel::SendAndWait] Error: Channel error: cannot send/recv

]]></system-err>
</testsuite>
